<?xml version="1.0" encoding="UTF-8"?>
<!-- Generated by org.testng.reporters.JUnitXMLReporter -->
<testsuite hostname="jh-PC" ignored="0" name="login" tests="5" failures="0" timestamp="11 三月 2020 03:03:18 GMT" time="3.837" errors="0">
  <testcase name="test1" time="0.1" classname="com.lemon.api.auto10.TestCases.BaseProcessor"/>
  <testcase name="test1" time="0.093" classname="com.lemon.api.auto10.TestCases.BaseProcessor"/>
  <testcase name="test1" time="0.234" classname="com.lemon.api.auto10.TestCases.BaseProcessor"/>
  <testcase name="test1" time="0.232" classname="com.lemon.api.auto10.TestCases.BaseProcessor"/>
  <testcase name="test1" time="3.161" classname="com.lemon.api.auto10.TestCases.BaseProcessor"/>
</testsuite> <!-- login -->
