<?xml version="1.0" encoding="UTF-8"?>
<!-- Generated by org.testng.reporters.JUnitXMLReporter -->
<testsuite hostname="jh-PC" ignored="0" name="recharge" tests="9" failures="0" timestamp="11 三月 2020 03:03:21 GMT" time="3.324" errors="0">
  <testcase name="test1" time="0.087" classname="com.lemon.api.auto10.TestCases.BaseProcessor"/>
  <testcase name="test1" time="0.093" classname="com.lemon.api.auto10.TestCases.BaseProcessor"/>
  <testcase name="test1" time="0.087" classname="com.lemon.api.auto10.TestCases.BaseProcessor"/>
  <testcase name="test1" time="0.089" classname="com.lemon.api.auto10.TestCases.BaseProcessor"/>
  <testcase name="test1" time="0.091" classname="com.lemon.api.auto10.TestCases.BaseProcessor"/>
  <testcase name="test1" time="0.093" classname="com.lemon.api.auto10.TestCases.BaseProcessor"/>
  <testcase name="test1" time="0.088" classname="com.lemon.api.auto10.TestCases.BaseProcessor"/>
  <testcase name="test1" time="0.091" classname="com.lemon.api.auto10.TestCases.BaseProcessor"/>
  <testcase name="test1" time="2.575" classname="com.lemon.api.auto10.TestCases.BaseProcessor"/>
</testsuite> <!-- recharge -->
