<?xml version="1.0" encoding="UTF-8"?>
<!-- Generated by org.testng.reporters.JUnitXMLReporter -->
<testsuite hostname="jh-PC" ignored="0" name="register" tests="6" failures="0" timestamp="11 三月 2020 03:03:14 GMT" time="13.937" errors="0">
  <testcase name="test1" time="11.597" classname="com.lemon.api.auto10.TestCases.BaseProcessor"/>
  <testcase name="test1" time="0.092" classname="com.lemon.api.auto10.TestCases.BaseProcessor"/>
  <testcase name="test1" time="0.092" classname="com.lemon.api.auto10.TestCases.BaseProcessor"/>
  <testcase name="test1" time="0.087" classname="com.lemon.api.auto10.TestCases.BaseProcessor"/>
  <testcase name="test1" time="0.093" classname="com.lemon.api.auto10.TestCases.BaseProcessor"/>
  <testcase name="test1" time="0.073" classname="com.lemon.api.auto10.TestCases.BaseProcessor"/>
</testsuite> <!-- register -->
